2021-12-12 22:33:33,319 DEBUG io.getquill.context.jdbc.JdbcContext [pool-9-thread-11] INSERT INTO recipes (name) VALUES (?) RETURNING id
2021-12-12 22:33:33,379 DEBUG io.getquill.context.jdbc.JdbcContext [pool-9-thread-11] INSERT INTO recipes (name) VALUES (?) RETURNING id
2021-12-12 22:33:33,454 DEBUG io.getquill.context.jdbc.JdbcContext [pool-9-thread-11] SELECT x3.id, x3.name FROM recipes x3 WHERE x3.id = ?
2021-12-12 22:33:33,470 DEBUG io.getquill.context.jdbc.JdbcContext [pool-9-thread-11] SELECT x3.id, x3.name FROM recipes x3 WHERE x3.id = ?
2021-12-12 22:35:34,439 DEBUG io.getquill.context.jdbc.JdbcContext [ioapp-compute-3] SELECT x3.id, x3.name FROM recipes x3 WHERE x3.id = ?
2021-12-12 22:36:18,383 DEBUG io.getquill.context.jdbc.JdbcContext [ioapp-compute-1] SELECT x3.id, x3.name FROM recipes x3 WHERE x3.id = ?
2021-12-12 22:37:10,048 DEBUG io.getquill.context.jdbc.JdbcContext [ioapp-compute-4] INSERT INTO recipes (name) VALUES (?) RETURNING id
2021-12-12 22:37:10,100 ERROR org.http4s.server.service-errors [ioapp-compute-4] Error servicing request: POST /recipes from 0:0:0:0:0:0:0:1
org.postgresql.util.PSQLException: ERROR: duplicate key value violates unique constraint "recipes_name_key"
  Detail: Key (name)=(recipe4) already exists.
	at org.postgresql.core.v3.QueryExecutorImpl.receiveErrorResponse(QueryExecutorImpl.java:2497)
	at org.postgresql.core.v3.QueryExecutorImpl.processResults(QueryExecutorImpl.java:2233)
	at org.postgresql.core.v3.QueryExecutorImpl.execute(QueryExecutorImpl.java:310)
	at org.postgresql.jdbc.PgStatement.executeInternal(PgStatement.java:446)
	at org.postgresql.jdbc.PgStatement.execute(PgStatement.java:370)
	at org.postgresql.jdbc.PgPreparedStatement.executeWithFlags(PgPreparedStatement.java:149)
	at org.postgresql.jdbc.PgPreparedStatement.executeUpdate(PgPreparedStatement.java:124)
	at com.zaxxer.hikari.pool.ProxyPreparedStatement.executeUpdate(ProxyPreparedStatement.java:61)
	at com.zaxxer.hikari.pool.HikariProxyPreparedStatement.executeUpdate(HikariProxyPreparedStatement.java)
	at io.getquill.context.jdbc.JdbcRunContext.$anonfun$executeActionReturning$1(JdbcContextBase.scala:98)
	at io.getquill.context.jdbc.JdbcRunContext.$anonfun$withConnectionWrapped$2(JdbcContextBase.scala:74)
	at io.getquill.context.jdbc.JdbcContext$$anon$1.wrap(JdbcContext.scala:31)
	at io.getquill.context.jdbc.JdbcRunContext.$anonfun$withConnectionWrapped$1(JdbcContextBase.scala:74)
	at io.getquill.context.jdbc.JdbcContext.$anonfun$withConnection$1(JdbcContext.scala:61)
	at flatMap @ com.example.recipeservice.RecipeRoutes$$anonfun$routes$1.$anonfun$applyOrElse$1(RecipeRoutes.scala:23)
	at map @ fs2.internal.CompileScope.$anonfun$close$9(CompileScope.scala:246)
	at flatMap @ fs2.internal.CompileScope.$anonfun$close$6(CompileScope.scala:245)
	at map @ fs2.internal.CompileScope.fs2$internal$CompileScope$$traverseError(CompileScope.scala:222)
	at flatMap @ fs2.internal.CompileScope.$anonfun$close$4(CompileScope.scala:244)
	at map @ fs2.internal.CompileScope.fs2$internal$CompileScope$$traverseError(CompileScope.scala:222)
	at flatMap @ fs2.internal.CompileScope.$anonfun$close$2(CompileScope.scala:242)
	at flatMap @ fs2.internal.CompileScope.close(CompileScope.scala:241)
	at main$ @ com.example.recipeservice.Main$.main(Main.scala:5)
	at flatMap @ fs2.internal.CompileScope.$anonfun$openAncestor$2(CompileScope.scala:261)
	at flatMap @ fs2.internal.FreeC$.$anonfun$compile$17(Algebra.scala:545)
	at map @ fs2.internal.CompileScope.$anonfun$close$9(CompileScope.scala:246)
	at flatMap @ fs2.internal.CompileScope.$anonfun$close$6(CompileScope.scala:245)
	at map @ fs2.internal.CompileScope.fs2$internal$CompileScope$$traverseError(CompileScope.scala:222)
	at flatMap @ fs2.internal.CompileScope.$anonfun$close$4(CompileScope.scala:244)
2021-12-12 22:37:18,089 DEBUG io.getquill.context.jdbc.JdbcContext [ioapp-compute-12] INSERT INTO recipes (name) VALUES (?) RETURNING id
2021-12-12 22:41:11,464 DEBUG io.getquill.context.jdbc.JdbcContext [ioapp-compute-6] SELECT x3.id, x3.name FROM recipes x3 WHERE x3.id = ?
2021-12-12 22:41:12,653 DEBUG io.getquill.context.jdbc.JdbcContext [ioapp-compute-14] SELECT x3.id, x3.name FROM recipes x3 WHERE x3.id = ?
2021-12-12 22:41:45,438 DEBUG io.getquill.context.jdbc.JdbcContext [ioapp-compute-7] SELECT x3.id, x3.name FROM recipes x3 WHERE x3.id = ?
2021-12-12 22:54:04,119 DEBUG io.getquill.context.jdbc.JdbcContext [ioapp-compute-1] SELECT x3.id, x3.name FROM recipes x3 WHERE x3.id = ?
2021-12-12 22:54:09,996 DEBUG io.getquill.context.jdbc.JdbcContext [ioapp-compute-5] INSERT INTO recipes (name) VALUES (?) RETURNING id
2021-12-12 22:54:42,623 DEBUG io.getquill.context.jdbc.JdbcContext [ioapp-compute-2] SELECT x3.id, x3.name FROM recipes x3 WHERE x3.id = ?
